<?xml version="1.0" encoding="UTF-8"?>
<testng-results skipped="0" failed="0" total="2" passed="2">
  <reporter-output>
  </reporter-output>
  <suite name="Default suite" duration-ms="28087" started-at="2017-12-01T22:41:00Z" finished-at="2017-12-01T22:41:28Z">
    <groups>
      <group name="cucumber">
        <method signature="AbstractTestNGCucumberTests.feature(cucumber.api.testng.CucumberFeatureWrapper)[pri:0, instance:runner.TestNG.Playlist@646d64ab]" name="feature" class="cucumber.api.testng.AbstractTestNGCucumberTests"/>
        <method signature="AbstractTestNGCucumberTests.feature(cucumber.api.testng.CucumberFeatureWrapper)[pri:0, instance:runner.TestNG.Song@1b68ddbd]" name="feature" class="cucumber.api.testng.AbstractTestNGCucumberTests"/>
      </group> <!-- cucumber -->
    </groups>
    <test name="Default test" duration-ms="28087" started-at="2017-12-01T22:41:00Z" finished-at="2017-12-01T22:41:28Z">
      <class name="runner.TestNG.Song">
        <test-method status="PASS" signature="setUpClass()[pri:0, instance:runner.TestNG.Song@1b68ddbd]" name="setUpClass" is-config="true" duration-ms="500" started-at="2017-12-01T22:41:00Z" finished-at="2017-12-01T22:41:00Z">
          <reporter-output>
          </reporter-output>
        </test-method> <!-- setUpClass -->
        <test-method status="PASS" signature="feature(cucumber.api.testng.CucumberFeatureWrapper)[pri:0, instance:runner.TestNG.Song@1b68ddbd]" name="feature" duration-ms="14491" started-at="2017-12-01T22:41:01Z" description="Runs Cucumber Feature" data-provider="features" finished-at="2017-12-01T22:41:15Z">
          <params>
            <param index="0">
              <value>
                <![CDATA[Daily Song API]]>
              </value>
            </param>
          </params>
          <reporter-output>
          </reporter-output>
        </test-method> <!-- feature -->
        <test-method status="PASS" signature="tearDownClass()[pri:0, instance:runner.TestNG.Song@1b68ddbd]" name="tearDownClass" is-config="true" duration-ms="0" started-at="2017-12-01T22:41:15Z" finished-at="2017-12-01T22:41:15Z">
          <reporter-output>
          </reporter-output>
        </test-method> <!-- tearDownClass -->
      </class> <!-- runner.TestNG.Song -->
      <class name="runner.TestNG.Playlist">
        <test-method status="PASS" signature="setUpClass()[pri:0, instance:runner.TestNG.Playlist@646d64ab]" name="setUpClass" is-config="true" duration-ms="46" started-at="2017-12-01T22:41:15Z" finished-at="2017-12-01T22:41:15Z">
          <reporter-output>
          </reporter-output>
        </test-method> <!-- setUpClass -->
        <test-method status="PASS" signature="feature(cucumber.api.testng.CucumberFeatureWrapper)[pri:0, instance:runner.TestNG.Playlist@646d64ab]" name="feature" duration-ms="12798" started-at="2017-12-01T22:41:15Z" description="Runs Cucumber Feature" data-provider="features" finished-at="2017-12-01T22:41:28Z">
          <params>
            <param index="0">
              <value>
                <![CDATA[PlayList]]>
              </value>
            </param>
          </params>
          <reporter-output>
          </reporter-output>
        </test-method> <!-- feature -->
        <test-method status="PASS" signature="tearDownClass()[pri:0, instance:runner.TestNG.Playlist@646d64ab]" name="tearDownClass" is-config="true" duration-ms="0" started-at="2017-12-01T22:41:28Z" finished-at="2017-12-01T22:41:28Z">
          <reporter-output>
          </reporter-output>
        </test-method> <!-- tearDownClass -->
      </class> <!-- runner.TestNG.Playlist -->
    </test> <!-- Default test -->
  </suite> <!-- Default suite -->
</testng-results>
